<?xml version="1.0" encoding="UTF-8" ?>
<testsuite tests="34" failures="0" name="com.mytest.ERATest" time="9.552" errors="0" skipped="0">
  <properties>
    <property name="java.runtime.name" value="Java(TM) SE Runtime Environment"/>
    <property name="sun.boot.library.path" value="/Library/Java/JavaVirtualMachines/jdk1.8.0_251.jdk/Contents/Home/jre/lib"/>
    <property name="java.vm.version" value="25.251-b08"/>
    <property name="gopherProxySet" value="false"/>
    <property name="java.vm.vendor" value="Oracle Corporation"/>
    <property name="maven.multiModuleProjectDirectory" value="/Users/dawitwondim/Desktop/GitRepos/2009Sep28Batch/ExpenseReimbursementApplication"/>
    <property name="java.vendor.url" value="http://java.oracle.com/"/>
    <property name="path.separator" value=":"/>
    <property name="guice.disable.misplaced.annotation.check" value="true"/>
    <property name="java.vm.name" value="Java HotSpot(TM) 64-Bit Server VM"/>
    <property name="file.encoding.pkg" value="sun.io"/>
    <property name="user.country" value="US"/>
    <property name="sun.java.launcher" value="SUN_STANDARD"/>
    <property name="sun.os.patch.level" value="unknown"/>
    <property name="java.vm.specification.name" value="Java Virtual Machine Specification"/>
    <property name="user.dir" value="/Users/dawitwondim/Desktop/GitRepos/2009Sep28Batch/ExpenseReimbursementApplication"/>
    <property name="java.runtime.version" value="1.8.0_251-b08"/>
    <property name="java.awt.graphicsenv" value="sun.awt.CGraphicsEnvironment"/>
    <property name="java.endorsed.dirs" value="/Library/Java/JavaVirtualMachines/jdk1.8.0_251.jdk/Contents/Home/jre/lib/endorsed"/>
    <property name="os.arch" value="x86_64"/>
    <property name="java.io.tmpdir" value="/var/folders/rf/vpy7tvbx6xqgg97kpgkh07vw0000gn/T/"/>
    <property name="line.separator" value="
"/>
    <property name="java.vm.specification.vendor" value="Oracle Corporation"/>
    <property name="os.name" value="Mac OS X"/>
    <property name="classworlds.conf" value="/Users/dawitwondim/Desktop/DeveloperTools/apache-maven-3.6.3/bin/m2.conf"/>
    <property name="sun.jnu.encoding" value="UTF-8"/>
    <property name="java.library.path" value="/Users/dawitwondim/Library/Java/Extensions:/Library/Java/Extensions:/Network/Library/Java/Extensions:/System/Library/Java/Extensions:/usr/lib/java:."/>
    <property name="maven.conf" value="/Users/dawitwondim/Desktop/DeveloperTools/apache-maven-3.6.3/conf"/>
    <property name="java.specification.name" value="Java Platform API Specification"/>
    <property name="java.class.version" value="52.0"/>
    <property name="sun.management.compiler" value="HotSpot 64-Bit Tiered Compilers"/>
    <property name="os.version" value="10.14.6"/>
    <property name="library.jansi.path" value="/Users/dawitwondim/Desktop/DeveloperTools/apache-maven-3.6.3/lib/jansi-native"/>
    <property name="http.nonProxyHosts" value="local|*.local|169.254/16|*.169.254/16"/>
    <property name="user.home" value="/Users/dawitwondim"/>
    <property name="user.timezone" value="America/Los_Angeles"/>
    <property name="java.awt.printerjob" value="sun.lwawt.macosx.CPrinterJob"/>
    <property name="java.specification.version" value="1.8"/>
    <property name="file.encoding" value="UTF-8"/>
    <property name="user.name" value="dawitwondim"/>
    <property name="java.class.path" value="/Users/dawitwondim/Desktop/DeveloperTools/apache-maven-3.6.3/boot/plexus-classworlds-2.6.0.jar"/>
    <property name="java.vm.specification.version" value="1.8"/>
    <property name="sun.arch.data.model" value="64"/>
    <property name="java.home" value="/Library/Java/JavaVirtualMachines/jdk1.8.0_251.jdk/Contents/Home/jre"/>
    <property name="sun.java.command" value="org.codehaus.plexus.classworlds.launcher.Launcher clean package"/>
    <property name="java.specification.vendor" value="Oracle Corporation"/>
    <property name="user.language" value="en"/>
    <property name="awt.toolkit" value="sun.lwawt.macosx.LWCToolkit"/>
    <property name="java.vm.info" value="mixed mode"/>
    <property name="java.version" value="1.8.0_251"/>
    <property name="java.ext.dirs" value="/Users/dawitwondim/Library/Java/Extensions:/Library/Java/JavaVirtualMachines/jdk1.8.0_251.jdk/Contents/Home/jre/lib/ext:/Library/Java/Extensions:/Network/Library/Java/Extensions:/System/Library/Java/Extensions:/usr/lib/java"/>
    <property name="sun.boot.class.path" value="/Library/Java/JavaVirtualMachines/jdk1.8.0_251.jdk/Contents/Home/jre/lib/resources.jar:/Library/Java/JavaVirtualMachines/jdk1.8.0_251.jdk/Contents/Home/jre/lib/rt.jar:/Library/Java/JavaVirtualMachines/jdk1.8.0_251.jdk/Contents/Home/jre/lib/sunrsasign.jar:/Library/Java/JavaVirtualMachines/jdk1.8.0_251.jdk/Contents/Home/jre/lib/jsse.jar:/Library/Java/JavaVirtualMachines/jdk1.8.0_251.jdk/Contents/Home/jre/lib/jce.jar:/Library/Java/JavaVirtualMachines/jdk1.8.0_251.jdk/Contents/Home/jre/lib/charsets.jar:/Library/Java/JavaVirtualMachines/jdk1.8.0_251.jdk/Contents/Home/jre/lib/jfr.jar:/Library/Java/JavaVirtualMachines/jdk1.8.0_251.jdk/Contents/Home/jre/classes"/>
    <property name="java.vendor" value="Oracle Corporation"/>
    <property name="maven.home" value="/Users/dawitwondim/Desktop/DeveloperTools/apache-maven-3.6.3"/>
    <property name="file.separator" value="/"/>
    <property name="java.vendor.url.bug" value="http://bugreport.sun.com/bugreport/"/>
    <property name="sun.cpu.endian" value="little"/>
    <property name="sun.io.unicode.encoding" value="UnicodeBig"/>
    <property name="socksNonProxyHosts" value="local|*.local|169.254/16|*.169.254/16"/>
    <property name="ftp.nonProxyHosts" value="local|*.local|169.254/16|*.169.254/16"/>
    <property name="sun.cpu.isalist" value=""/>
  </properties>
  <testcase classname="com.mytest.ERATest" name="getFMLastName" time="0.166"/>
  <testcase classname="com.mytest.ERATest" name="testRejectedReimbursementServlet" time="2.215"/>
  <testcase classname="com.mytest.ERATest" name="testViewPendingReimbServlet" time="1.873"/>
  <testcase classname="com.mytest.ERATest" name="getEmpEmail" time="0"/>
  <testcase classname="com.mytest.ERATest" name="getEmpPassword" time="0"/>
  <testcase classname="com.mytest.ERATest" name="testLoginSuccessfulServlet" time="0.512"/>
  <testcase classname="com.mytest.ERATest" name="getFMUserName" time="0.003"/>
  <testcase classname="com.mytest.ERATest" name="getFMEmail" time="0"/>
  <testcase classname="com.mytest.ERATest" name="testConfirmAddedReimbursement" time="0.248"/>
  <testcase classname="com.mytest.ERATest" name="getMyDescription" time="0"/>
  <testcase classname="com.mytest.ERATest" name="reimbursementAdded" time="0.301"/>
  <testcase classname="com.mytest.ERATest" name="getFMID" time="0"/>
  <testcase classname="com.mytest.ERATest" name="fullNameUserIDMatch" time="0.248"/>
  <testcase classname="com.mytest.ERATest" name="idUserNameMatch" time="0.249"/>
  <testcase classname="com.mytest.ERATest" name="testViewPastReimbServlet" time="0.484"/>
  <testcase classname="com.mytest.ERATest" name="testViewPastEmpReimbServlet" time="0.511"/>
  <testcase classname="com.mytest.ERATest" name="getMyType" time="0"/>
  <testcase classname="com.mytest.ERATest" name="getEmpLastName" time="0"/>
  <testcase classname="com.mytest.ERATest" name="getFMFirstName" time="0"/>
  <testcase classname="com.mytest.ERATest" name="getFMPassword" time="0"/>
  <testcase classname="com.mytest.ERATest" name="getMyAmount" time="0"/>
  <testcase classname="com.mytest.ERATest" name="getMyAuthor" time="0"/>
  <testcase classname="com.mytest.ERATest" name="getEmpFirstName" time="0"/>
  <testcase classname="com.mytest.ERATest" name="testAddNewReimbServlet" time="0.754"/>
  <testcase classname="com.mytest.ERATest" name="testApprovedReimbursementServlet" time="0.778"/>
  <testcase classname="com.mytest.ERATest" name="testUpdatedPasswordServlet" time="0.253"/>
  <testcase classname="com.mytest.ERATest" name="getMyStatus" time="0"/>
  <testcase classname="com.mytest.ERATest" name="testRegisterNewEmployeeServlet" time="0.479"/>
  <testcase classname="com.mytest.ERATest" name="testLoginValidation" time="0.243"/>
  <testcase classname="com.mytest.ERATest" name="getFMRoleID" time="0"/>
  <testcase classname="com.mytest.ERATest" name="getEmpUserName" time="0"/>
  <testcase classname="com.mytest.ERATest" name="getEmpRoleID" time="0.001"/>
  <testcase classname="com.mytest.ERATest" name="testValidateUserRoleID" time="0.234"/>
  <testcase classname="com.mytest.ERATest" name="getEmpID" time="0"/>
</testsuite>